2024-05-23 01:59:31,001 INFO D:\django\LabaDjWeb\webapp\views.py changed, reloading.
2024-05-23 01:59:43,818 INFO index!!!
2024-05-23 01:59:44,630 INFO index!!!
2024-05-23 02:08:38,978 INFO D:\django\LabaDjWeb\webapp\views.py changed, reloading.
2024-05-23 02:08:48,853 INFO index
2024-05-23 02:08:52,554 INFO faq
2024-05-23 02:08:57,326 INFO view suppliers info
2024-05-23 02:09:17,421 INFO D:\django\LabaDjWeb\webapp\views.py changed, reloading.
2024-05-23 02:09:19,913 INFO internet connection is here
2024-05-23 02:09:21,625 INFO view account
2024-05-23 02:09:27,092 INFO create graph in other stream
2024-05-23 02:09:27,265 INFO graph created
2024-05-23 02:09:27,267 INFO view graph
2024-05-23 02:09:36,469 INFO view basket
2024-05-23 02:09:39,825 INFO log out complited
2024-05-23 02:09:39,827 INFO view index
2024-05-23 02:09:49,141 INFO view index
2024-05-23 02:09:51,394 INFO view faq
2024-05-23 02:09:54,262 INFO view contacts
2024-05-23 02:51:41,003 INFO view contacts
2024-05-23 02:51:41,596 INFO view contacts
2024-05-23 02:51:42,221 INFO view contacts
2024-05-23 02:51:45,400 INFO view contacts
2024-05-23 03:32:51,857 INFO D:\django\LabaDjWeb\webapp\models.py changed, reloading.
2024-05-23 03:33:35,238 INFO D:\django\LabaDjWeb\webapp\models.py changed, reloading.
2024-05-23 03:35:31,510 INFO D:\django\LabaDjWeb\webapp\models.py changed, reloading.
2024-05-23 04:43:45,297 INFO view index
2024-05-23 04:45:03,193 INFO view index
2024-05-23 04:45:05,969 INFO view department
2024-05-23 04:46:12,058 INFO view index
2024-05-23 04:47:04,606 WARNING Not Found: /department
2024-05-23 04:47:04,607 INFO view index
2024-05-23 04:48:58,369 INFO view index
2024-05-23 04:55:35,417 INFO view index
2024-05-23 05:01:55,208 WARNING Not Found: /faq
2024-05-23 05:01:55,210 INFO view index
2024-05-23 05:02:03,773 WARNING Not Found: /faq
2024-05-23 05:02:03,773 INFO view index
2024-05-23 05:02:29,628 INFO view index
2024-05-23 05:03:44,910 WARNING Not Found: /faq
2024-05-23 05:03:44,910 INFO view index
2024-05-23 05:04:28,134 INFO view faq
2024-05-23 05:04:28,145 INFO view index
2024-05-23 05:05:39,474 INFO view faq
2024-05-23 05:05:39,477 INFO view index
2024-05-23 05:06:14,895 INFO view faq
2024-05-23 05:06:14,898 INFO view index
2024-05-23 05:06:55,442 WARNING Not Found: /contacts/
2024-05-23 05:06:55,442 INFO view faq
2024-05-23 05:06:55,458 INFO view index
2024-05-23 05:07:21,928 INFO view contacts
2024-05-23 05:07:21,931 INFO view faq
2024-05-23 05:07:21,931 INFO view index
2024-05-23 05:19:09,353 INFO internet connection is here
2024-05-23 05:19:11,289 INFO view account
2024-05-23 05:19:20,468 INFO internet connection is here
2024-05-23 05:19:22,135 INFO view account
2024-05-23 05:25:33,482 INFO internet connection is here
2024-05-23 05:25:34,995 INFO view account
2024-05-23 05:26:31,188 INFO internet connection is here
2024-05-23 05:26:32,675 INFO view account
2024-05-23 05:28:00,869 INFO internet connection is here
2024-05-23 05:28:02,414 INFO view account
2024-05-23 05:28:02,429 INFO view basket
2024-05-23 05:32:11,497 INFO view orders
2024-05-23 05:32:11,497 INFO view basket
2024-05-23 05:32:11,518 INFO create order
2024-05-23 05:33:16,975 INFO view orders
2024-05-23 05:33:16,980 INFO view basket
2024-05-23 05:33:16,980 INFO create order
2024-05-23 05:34:35,589 INFO view orders
2024-05-23 05:34:35,599 INFO view basket
2024-05-23 05:34:35,605 INFO create order
2024-05-23 05:34:35,605 INFO create graph in other stream
2024-05-23 05:34:35,635 INFO graph created
2024-05-23 05:34:35,637 INFO view graph
2024-05-23 05:35:28,591 INFO view orders
2024-05-23 05:35:28,595 INFO view basket
2024-05-23 05:35:28,595 INFO create order
2024-05-23 05:35:28,595 INFO create graph in other stream
2024-05-23 05:35:28,611 INFO graph created
2024-05-23 05:35:28,612 INFO view graph
2024-05-23 05:35:28,615 INFO view suppliers info
2024-05-23 05:36:30,450 INFO view orders
2024-05-23 05:36:30,450 INFO view basket
2024-05-23 05:36:30,470 INFO create order
2024-05-23 05:36:30,485 INFO create graph in other stream
2024-05-23 05:36:30,490 INFO graph created
2024-05-23 05:36:30,492 INFO view graph
2024-05-23 05:36:30,494 INFO view suppliers info
2024-05-23 05:37:33,559 INFO view index
2024-05-23 05:37:36,510 INFO view department
2024-05-23 05:37:39,276 INFO view department
2024-05-23 05:37:46,245 INFO view contacts
2024-05-23 05:37:50,219 INFO view faq
2024-05-23 16:24:01,125 INFO view index
2024-05-23 16:24:01,940 WARNING Not Found: /favicon.ico
2024-05-23 16:24:01,945 WARNING Not Found: /favicon.ico
2024-05-23 16:24:45,892 INFO registration complited
2024-05-23 16:25:31,184 INFO sign in complited
2024-05-23 16:25:31,187 INFO view index
2024-05-23 16:25:45,889 INFO view suppliers info
2024-05-23 16:25:46,796 INFO view contacts
2024-05-23 16:25:48,579 ERROR Internal Server Error: /faq/
Traceback (most recent call last):
  File "D:\django\LabaDjWeb\.venv\lib\site-packages\django\core\handlers\exception.py", line 55, in inner
    response = get_response(request)
  File "D:\django\LabaDjWeb\.venv\lib\site-packages\django\core\handlers\base.py", line 197, in _get_response
    response = wrapped_callback(request, *callback_args, **callback_kwargs)
  File "D:\django\LabaDjWeb\webapp\views.py", line 31, in faq
    faq = Faq.objects.get()
  File "D:\django\LabaDjWeb\.venv\lib\site-packages\django\db\models\manager.py", line 87, in manager_method
    return getattr(self.get_queryset(), name)(*args, **kwargs)
  File "D:\django\LabaDjWeb\.venv\lib\site-packages\django\db\models\query.py", line 637, in get
    raise self.model.DoesNotExist(
webapp.models.Faq.DoesNotExist: Faq matching query does not exist.
2024-05-23 16:26:01,285 WARNING Not Found: /פגרע
2024-05-23 16:26:38,693 INFO log out complited
2024-05-23 16:26:38,697 INFO view index
2024-05-23 16:26:46,458 INFO sign in complited
2024-05-23 16:26:46,461 INFO view index
2024-05-23 16:32:26,587 INFO view index
2024-05-23 16:32:31,787 INFO view department
2024-05-23 16:34:57,490 INFO view index
2024-05-23 16:35:16,559 INFO view index
2024-05-23 16:35:17,258 INFO view index
2024-05-23 16:36:31,998 INFO view index
2024-05-23 16:36:32,816 INFO view index
2024-05-23 16:38:22,504 INFO view index
2024-05-23 16:38:58,507 INFO view index
2024-05-23 16:39:32,365 INFO view department
2024-05-23 16:41:42,876 INFO view department
2024-05-23 16:44:47,146 INFO view department
2024-05-23 16:46:03,276 INFO view index
2024-05-23 16:46:06,512 INFO view department
2024-05-23 16:47:15,597 INFO view index
2024-05-23 16:47:17,162 INFO view department
2024-05-23 17:31:40,488 INFO D:\django\LabaDjWeb\webapp\models.py changed, reloading.
2024-05-23 17:32:33,119 INFO view orders
2024-05-23 17:32:33,129 INFO view basket
2024-05-23 17:32:33,145 INFO create order
2024-05-23 17:32:33,174 INFO create graph in other stream
2024-05-23 17:32:33,179 INFO graph created
2024-05-23 17:32:33,180 INFO view graph
2024-05-23 17:32:33,185 INFO view suppliers info
2024-05-23 17:35:39,084 INFO view department
2024-05-23 17:42:29,396 INFO view department
2024-05-23 17:42:31,613 INFO view department
2024-05-23 17:42:32,585 INFO view department
2024-05-23 17:42:33,426 INFO view department
2024-05-23 17:42:33,935 INFO view department
2024-05-23 17:42:36,102 INFO view index
2024-05-23 17:42:37,847 INFO view department
2024-05-23 17:44:01,062 INFO view department
2024-05-23 17:44:18,713 INFO view department
2024-05-23 17:51:57,024 INFO view department
2024-05-23 17:51:58,218 INFO view index
2024-05-23 17:52:01,758 INFO view department
2024-05-23 17:52:11,642 INFO view department
2024-05-23 17:52:14,647 INFO view department
2024-05-23 17:52:15,419 INFO view department
2024-05-23 17:52:16,008 INFO view department
2024-05-23 17:52:17,492 INFO view department
2024-05-23 17:52:18,627 INFO view department
2024-05-23 17:52:19,469 INFO view department
2024-05-23 17:52:26,754 INFO view index
2024-05-23 17:52:28,103 ERROR Internal Server Error: /faq/
Traceback (most recent call last):
  File "D:\django\LabaDjWeb\.venv\lib\site-packages\django\core\handlers\exception.py", line 55, in inner
    response = get_response(request)
  File "D:\django\LabaDjWeb\.venv\lib\site-packages\django\core\handlers\base.py", line 197, in _get_response
    response = wrapped_callback(request, *callback_args, **callback_kwargs)
  File "D:\django\LabaDjWeb\webapp\views.py", line 31, in faq
    faq = Faq.objects.get()
  File "D:\django\LabaDjWeb\.venv\lib\site-packages\django\db\models\manager.py", line 87, in manager_method
    return getattr(self.get_queryset(), name)(*args, **kwargs)
  File "D:\django\LabaDjWeb\.venv\lib\site-packages\django\db\models\query.py", line 637, in get
    raise self.model.DoesNotExist(
webapp.models.Faq.DoesNotExist: Faq matching query does not exist.
2024-05-23 17:55:26,074 INFO view faq
2024-05-23 17:57:08,537 INFO D:\django\LabaDjWeb\webapp\models.py changed, reloading.
2024-05-23 17:59:36,537 INFO view index
2024-05-23 17:59:38,027 INFO view faq
2024-05-23 18:03:03,805 INFO view faq
2024-05-23 18:03:05,358 INFO view contacts
2024-05-23 18:04:25,221 INFO view contacts
2024-05-23 18:04:39,541 INFO D:\django\LabaDjWeb\webapp\models.py changed, reloading.
2024-05-23 18:04:53,772 INFO view contacts
2024-05-23 18:04:55,650 INFO view contacts
2024-05-23 18:04:56,610 INFO view faq
2024-05-23 18:05:54,275 INFO registration complited
2024-05-23 18:06:02,204 INFO sign in complited
2024-05-23 18:06:02,208 INFO view index
2024-05-23 18:06:36,518 INFO creating review
2024-05-23 18:06:42,194 INFO view index
2024-05-23 18:06:45,256 INFO view department
2024-05-23 18:06:47,332 INFO view index
2024-05-23 18:06:49,420 INFO view department
2024-05-23 18:06:51,596 INFO view contacts
2024-05-23 18:06:53,126 INFO view faq
2024-05-23 18:06:57,919 INFO internet connection is here
2024-05-23 18:06:59,789 INFO view account
2024-05-23 18:07:07,506 INFO view index
2024-05-23 18:07:09,215 INFO view department
2024-05-23 18:07:10,315 INFO view department
2024-05-23 18:07:10,327 INFO view department
2024-05-23 18:07:10,854 INFO view department
2024-05-23 18:07:10,864 INFO view department
2024-05-23 18:07:13,875 INFO view index
2024-05-23 18:07:14,919 INFO view department
2024-05-23 18:07:15,893 INFO view department
2024-05-23 18:07:15,905 INFO view department
2024-05-23 18:07:16,586 INFO view index
2024-05-23 18:07:18,159 INFO view department
2024-05-23 18:07:19,291 INFO view department
2024-05-23 18:07:19,302 INFO view department
2024-05-23 18:07:21,066 INFO view basket
2024-05-23 18:07:26,300 INFO create order
2024-05-23 18:07:33,631 INFO view index
2024-05-23 18:08:07,675 INFO view index
2024-05-23 18:08:10,744 INFO view basket
2024-05-23 18:08:12,563 INFO create order
2024-05-23 18:11:20,909 INFO create order
2024-05-23 18:12:03,206 INFO create order
2024-05-23 18:13:27,031 INFO D:\django\LabaDjWeb\webapp\models.py changed, reloading.
2024-05-23 18:14:22,724 INFO view index
2024-05-23 18:14:23,604 INFO view faq
2024-05-23 18:14:24,869 INFO view contacts
2024-05-23 18:14:29,915 INFO log out complited
2024-05-23 18:14:29,919 INFO view index
2024-05-23 18:14:35,891 INFO sign in complited
2024-05-23 18:14:35,895 INFO view index
2024-05-23 18:14:40,629 INFO create graph in other stream
2024-05-23 18:14:40,632 INFO graph created
2024-05-23 18:14:40,638 INFO view graph
2024-05-23 18:14:42,443 INFO create graph in other stream
2024-05-23 18:14:42,446 INFO graph created
2024-05-23 18:14:42,450 INFO view graph
2024-05-23 18:14:53,716 INFO view suppliers info
2024-05-23 18:15:01,321 INFO create graph in other stream
2024-05-23 18:15:01,325 INFO graph created
2024-05-23 18:15:01,330 INFO view graph
2024-05-23 18:16:06,629 INFO D:\django\LabaDjWeb\webapp\views.py changed, reloading.
2024-05-23 18:16:09,685 INFO create graph in other stream
2024-05-23 18:16:09,701 INFO graph created
2024-05-23 18:16:09,701 INFO view graph
2024-05-23 18:16:17,776 INFO view suppliers info
2024-05-23 18:16:18,399 INFO create graph in other stream
2024-05-23 18:16:18,402 INFO graph created
2024-05-23 18:16:18,406 INFO view graph
2024-05-23 18:16:19,612 INFO create graph in other stream
2024-05-23 18:16:19,615 INFO graph created
2024-05-23 18:16:19,621 INFO view graph
2024-05-23 18:16:20,286 INFO create graph in other stream
2024-05-23 18:16:20,290 INFO graph created
2024-05-23 18:16:20,295 INFO view graph
2024-05-23 18:16:20,810 INFO create graph in other stream
2024-05-23 18:16:20,813 INFO graph created
2024-05-23 18:16:20,818 INFO view graph
2024-05-23 18:16:48,808 INFO log out complited
2024-05-23 18:16:48,816 INFO view index
2024-05-23 18:16:56,144 INFO sign in complited
2024-05-23 18:16:56,149 INFO view index
2024-05-23 18:16:58,314 INFO view basket
2024-05-23 18:16:59,195 INFO create order
2024-05-23 18:17:03,422 INFO view index
2024-05-23 18:17:09,150 INFO internet connection is here
2024-05-23 18:17:10,871 INFO view account
2024-05-23 18:17:12,045 INFO view orders
2024-05-23 18:17:17,350 INFO log out complited
2024-05-23 18:17:17,355 INFO view index
2024-05-23 18:17:23,491 INFO sign in complited
2024-05-23 18:17:23,494 INFO view index
2024-05-23 18:17:26,305 INFO create graph in other stream
2024-05-23 18:17:32,921 INFO graph created
2024-05-23 18:17:32,937 INFO view graph
2024-05-23 18:18:55,322 INFO D:\django\LabaDjWeb\webapp\views.py changed, reloading.
2024-05-23 18:19:21,038 INFO view suppliers info
2024-05-23 18:19:22,918 INFO create graph in other stream
2024-05-23 18:19:24,535 INFO graph created
2024-05-23 18:19:24,535 INFO view graph
2024-05-23 18:19:31,338 INFO D:\django\LabaDjWeb\webapp\views.py changed, reloading.
2024-05-23 18:19:57,385 INFO create graph in other stream
2024-05-23 18:19:57,541 INFO graph created
2024-05-23 18:19:57,541 INFO view graph
2024-05-23 18:20:00,461 INFO view contacts
2024-05-23 18:20:32,110 INFO create graph in other stream
2024-05-23 18:20:34,290 INFO graph created
2024-05-23 18:20:34,290 INFO view graph
2024-05-23 18:21:26,605 INFO D:\django\LabaDjWeb\webapp\views.py changed, reloading.
2024-05-23 18:21:32,101 INFO create graph in other stream
2024-05-23 18:21:32,273 INFO graph created
2024-05-23 18:21:32,274 INFO view graph
2024-05-23 18:21:33,717 INFO view suppliers info
2024-05-23 18:21:34,296 INFO create graph in other stream
2024-05-23 18:21:34,406 INFO graph created
2024-05-23 18:21:34,406 INFO view graph
2024-05-23 18:21:35,129 INFO view suppliers info
2024-05-23 18:21:35,494 INFO create graph in other stream
2024-05-23 18:21:35,611 INFO graph created
2024-05-23 18:21:35,611 INFO view graph
2024-05-23 18:21:36,169 INFO view suppliers info
2024-05-23 18:22:44,370 INFO D:\django\LabaDjWeb\webapp\views.py changed, reloading.
2024-05-23 18:23:13,617 INFO create graph in other stream
2024-05-23 18:23:13,801 ERROR Internal Server Error: /graph/
Traceback (most recent call last):
  File "D:\django\LabaDjWeb\.venv\lib\site-packages\django\core\handlers\exception.py", line 55, in inner
    response = get_response(request)
  File "D:\django\LabaDjWeb\.venv\lib\site-packages\django\core\handlers\base.py", line 197, in _get_response
    response = wrapped_callback(request, *callback_args, **callback_kwargs)
  File "D:\django\LabaDjWeb\webapp\views.py", line 405, in graph
    orders = Order.objects.filter(date_created__month=timem.month)
UnboundLocalError: local variable 'timem' referenced before assignment
2024-05-23 18:23:16,023 INFO view index
2024-05-23 18:23:17,294 INFO create graph in other stream
2024-05-23 18:23:17,418 ERROR Internal Server Error: /graph/
Traceback (most recent call last):
  File "D:\django\LabaDjWeb\.venv\lib\site-packages\django\core\handlers\exception.py", line 55, in inner
    response = get_response(request)
  File "D:\django\LabaDjWeb\.venv\lib\site-packages\django\core\handlers\base.py", line 197, in _get_response
    response = wrapped_callback(request, *callback_args, **callback_kwargs)
  File "D:\django\LabaDjWeb\webapp\views.py", line 405, in graph
    orders = Order.objects.filter(date_created__month=timem.month)
UnboundLocalError: local variable 'timem' referenced before assignment
2024-05-23 18:37:38,000 INFO D:\django\LabaDjWeb\webapp\views.py changed, reloading.
2024-05-23 18:38:05,819 INFO view index
2024-05-23 18:38:09,569 INFO create graph in other stream
2024-05-23 18:38:09,700 ERROR Internal Server Error: /graph/
Traceback (most recent call last):
  File "D:\django\LabaDjWeb\.venv\lib\site-packages\django\core\handlers\exception.py", line 55, in inner
    response = get_response(request)
  File "D:\django\LabaDjWeb\.venv\lib\site-packages\django\core\handlers\base.py", line 197, in _get_response
    response = wrapped_callback(request, *callback_args, **callback_kwargs)
  File "D:\django\LabaDjWeb\webapp\views.py", line 407, in graph
    orders = Order.objects.filter(date_created__month=timem.month)
UnboundLocalError: local variable 'timem' referenced before assignment
2024-05-23 18:40:42,580 INFO D:\django\LabaDjWeb\webapp\views.py changed, reloading.
2024-05-23 18:40:47,837 INFO create graph in other stream
2024-05-23 18:40:47,917 INFO graph created
2024-05-23 18:40:47,917 INFO view graph
2024-05-23 18:40:53,512 INFO view suppliers info
2024-05-23 18:40:54,149 INFO create graph in other stream
2024-05-23 18:40:54,210 INFO graph created
2024-05-23 18:40:54,210 INFO view graph
2024-05-23 18:42:02,372 INFO D:\django\LabaDjWeb\webapp\models.py changed, reloading.
2024-05-23 18:42:05,653 INFO create graph in other stream
2024-05-23 18:42:05,739 INFO graph created
2024-05-23 18:42:05,739 INFO view graph
2024-05-23 18:42:22,433 INFO D:\django\LabaDjWeb\webapp\models.py changed, reloading.
2024-05-23 18:42:23,765 INFO create graph in other stream
2024-05-23 18:42:23,838 INFO graph created
2024-05-23 18:42:23,838 INFO view graph
2024-05-23 18:42:23,867 WARNING Not Found: /media/images/django/LabaDjWeb/media/images/plot.png
2024-05-23 18:42:29,880 INFO D:\django\LabaDjWeb\webapp\models.py changed, reloading.
2024-05-23 18:42:31,411 INFO create graph in other stream
2024-05-23 18:42:31,483 INFO graph created
2024-05-23 18:42:31,483 INFO view graph
2024-05-23 18:42:44,502 INFO D:\django\LabaDjWeb\webapp\views.py changed, reloading.
2024-05-23 18:42:54,433 INFO view suppliers info
2024-05-23 18:42:55,042 INFO create graph in other stream
2024-05-23 18:42:55,134 INFO graph created
2024-05-23 18:42:55,139 INFO view graph
2024-05-23 18:43:12,053 INFO view index
2024-05-23 18:43:13,781 INFO view department
2024-05-23 18:43:14,967 INFO view department
2024-05-23 18:43:14,986 INFO view department
2024-05-23 18:43:16,222 INFO view department
2024-05-23 18:43:16,233 INFO view department
2024-05-23 18:43:17,246 INFO view basket
2024-05-23 18:43:18,096 INFO create order
2024-05-23 18:43:19,852 INFO view index
2024-05-23 18:43:21,772 INFO create graph in other stream
2024-05-23 18:43:21,842 INFO graph created
2024-05-23 18:43:21,848 INFO view graph
2024-05-23 18:43:52,489 INFO create graph in other stream
2024-05-23 18:43:52,560 INFO graph created
2024-05-23 18:43:52,575 INFO view graph
2024-05-23 18:44:43,905 INFO D:\django\LabaDjWeb\webapp\views.py changed, reloading.
2024-05-23 18:44:46,188 INFO create graph in other stream
2024-05-23 18:44:46,296 INFO graph created
2024-05-23 18:44:46,305 INFO view graph
2024-05-23 18:44:58,796 INFO D:\django\LabaDjWeb\webapp\views.py changed, reloading.
2024-05-23 18:45:01,077 INFO create graph in other stream
2024-05-23 18:45:01,156 INFO graph created
2024-05-23 18:45:01,170 INFO view graph
2024-05-23 18:45:01,841 INFO view suppliers info
2024-05-23 18:45:02,481 INFO create graph in other stream
2024-05-23 18:45:02,552 INFO graph created
2024-05-23 18:45:02,559 INFO view graph
2024-05-23 18:45:03,756 INFO view index
2024-05-23 18:45:05,497 INFO view department
2024-05-23 18:45:06,521 INFO view department
2024-05-23 18:45:06,538 INFO view department
2024-05-23 18:45:08,666 INFO view basket
2024-05-23 18:45:10,083 INFO create order
2024-05-23 18:45:14,352 INFO view index
2024-05-23 18:46:36,489 INFO D:\django\LabaDjWeb\webapp\templatetags\mulltag.py changed, reloading.
2024-05-23 18:46:38,740 INFO view index
2024-05-23 18:46:39,753 INFO view index
2024-05-23 18:46:41,193 INFO view index
2024-05-23 18:46:42,232 INFO view faq
2024-05-23 18:46:42,784 INFO view index
2024-05-23 18:46:52,199 INFO D:\django\LabaDjWeb\webapp\templatetags\mulltag.py changed, reloading.
2024-05-23 18:46:55,766 INFO view index
2024-05-23 18:46:57,222 INFO view department
2024-05-23 18:46:58,301 INFO view index
2024-05-23 18:47:18,186 INFO D:\django\LabaDjWeb\webapp\templatetags\mulltag.py changed, reloading.
2024-05-23 18:47:26,915 INFO view index
2024-05-23 18:47:32,532 INFO view department
2024-05-23 18:47:33,940 INFO view index
2024-05-23 18:47:41,244 INFO view index
2024-05-23 18:48:54,022 INFO view index
2024-05-23 18:49:00,423 INFO create graph in other stream
2024-05-23 18:49:00,500 INFO graph created
2024-05-23 18:49:00,507 INFO view graph
2024-05-23 18:49:15,619 INFO view index
2024-05-23 18:49:18,541 INFO view department
2024-05-23 18:49:21,342 INFO view index
2024-05-23 18:49:23,251 INFO view department
2024-05-23 18:49:25,396 INFO view contacts
2024-05-23 18:52:43,994 INFO create graph in other stream
2024-05-23 18:52:44,072 INFO graph created
2024-05-23 18:52:44,088 INFO view graph
2024-05-23 18:52:45,435 INFO view basket
2024-05-23 18:52:46,358 INFO internet connection is here
2024-05-23 18:52:48,113 INFO view account
2024-05-23 18:52:51,648 INFO view index
2024-05-23 18:52:53,303 INFO view department
2024-05-23 18:53:41,552 INFO view index
2024-05-23 18:53:43,117 INFO view department
2024-05-23 18:53:44,146 INFO view department
2024-05-23 18:53:45,022 INFO view department
2024-05-23 18:53:45,948 INFO view department
2024-05-23 18:53:45,964 INFO view department
2024-05-23 18:53:46,444 INFO view department
2024-05-23 18:53:46,454 INFO view department
2024-05-23 18:53:47,502 INFO view department
2024-05-23 18:53:47,512 INFO view department
2024-05-23 18:53:47,929 INFO view department
2024-05-23 18:53:47,938 INFO view department
2024-05-23 18:53:49,071 INFO view department
2024-05-23 18:53:50,080 INFO view department
2024-05-23 18:53:50,089 INFO view department
2024-05-23 18:53:53,179 INFO view basket
2024-05-23 18:53:56,007 INFO view basket
2024-05-23 18:53:57,566 INFO view basket
2024-05-23 18:53:57,573 INFO view basket
2024-05-23 18:53:58,046 INFO view basket
2024-05-23 18:53:58,053 INFO view basket
2024-05-23 18:53:58,516 INFO view basket
2024-05-23 18:53:58,528 INFO view basket
2024-05-23 18:53:59,297 INFO view basket
2024-05-23 18:53:59,305 INFO view basket
2024-05-23 18:53:59,708 INFO view basket
2024-05-23 18:53:59,719 INFO view basket
2024-05-23 18:54:01,110 INFO view index
2024-05-23 18:54:03,086 INFO view department
2024-05-23 19:03:02,869 INFO view index
2024-05-23 19:03:14,548 INFO view faq
2024-05-23 19:03:41,574 INFO log out complited
2024-05-23 19:03:41,574 INFO view index
2024-05-24 00:39:04,305 INFO view index
2024-05-24 00:39:08,607 INFO view contacts
2024-05-24 00:39:11,035 INFO view faq
2024-05-24 00:39:29,827 INFO view index
2024-05-24 00:39:31,423 INFO view department
2024-05-24 00:39:35,608 INFO view department
2024-05-24 00:40:05,882 INFO view department
2024-05-24 10:41:04,658 INFO view index
2024-05-24 10:41:05,597 WARNING Not Found: /favicon.ico
2024-05-24 10:41:09,117 INFO view department
2024-05-24 10:41:14,899 INFO view department
2024-05-24 10:41:15,767 INFO view department
2024-05-24 10:41:17,673 INFO view index
2024-05-24 10:41:19,298 INFO view contacts
2024-05-24 10:41:27,382 INFO view index
2024-05-24 10:41:34,797 INFO view department
2024-05-24 10:42:23,541 INFO sign in complited
2024-05-24 10:42:23,547 INFO view index
2024-05-24 10:42:38,472 INFO create graph in other stream
2024-05-24 10:42:38,666 INFO graph created
2024-05-24 10:42:38,676 INFO view graph
2024-05-24 10:42:43,512 INFO internet connection is here
2024-05-24 10:42:45,600 INFO view account
2024-05-24 10:42:51,239 INFO view orders
2024-05-24 11:16:06,203 INFO view index
2024-05-24 11:16:09,460 INFO view department
2024-05-24 11:16:13,194 INFO view index
2024-05-24 11:16:16,426 INFO view faq
2024-05-24 11:16:27,399 INFO view index
2024-05-24 11:16:29,314 INFO view department
2024-05-24 11:16:32,741 INFO view department
2024-05-24 11:16:34,568 INFO view department
2024-05-24 11:16:34,605 INFO view department
2024-05-24 11:16:34,895 INFO view department
2024-05-24 11:16:34,920 INFO view department
2024-05-24 11:16:35,078 INFO view department
2024-05-24 11:16:35,129 INFO view department
2024-05-24 11:16:36,458 INFO view basket
2024-05-24 11:16:38,700 INFO view basket
2024-05-24 11:16:38,711 INFO view basket
2024-05-24 11:16:39,187 INFO view basket
2024-05-24 11:16:39,206 INFO view basket
2024-05-24 11:16:39,741 INFO view basket
2024-05-24 11:16:39,761 INFO view basket
2024-05-24 11:16:43,333 INFO view contacts
2024-05-24 11:26:37,322 INFO view index
2024-05-24 11:27:16,620 INFO view contacts
2024-05-24 11:27:31,715 INFO view index
2024-05-24 11:27:33,073 INFO view department
2024-05-24 11:27:38,049 INFO view department
2024-05-24 11:27:42,727 INFO view department
2024-05-24 11:27:44,653 INFO view department
2024-05-24 11:27:45,974 INFO view department
2024-05-24 11:27:46,460 INFO view department
2024-05-24 11:28:21,762 INFO view contacts
2024-05-24 11:28:23,413 INFO view suppliers info
2024-05-24 11:28:25,326 INFO create graph in other stream
2024-05-24 11:28:25,555 INFO graph created
2024-05-24 11:28:25,569 INFO view graph
2024-05-24 11:28:31,007 INFO internet connection is here
2024-05-24 11:28:33,517 INFO view account
2024-05-24 11:30:15,124 INFO D:\django\LabaDjWeb\LabaDjWeb\settings.py changed, reloading.
2024-05-24 12:11:33,013 INFO view index
2024-05-24 12:43:50,504 INFO view faq
2024-05-24 12:44:25,020 INFO view index
2024-05-24 12:58:03,652 INFO view contacts
2024-05-24 12:58:55,959 INFO view index
2024-05-24 12:58:57,068 INFO view faq
2024-05-24 13:09:48,198 INFO D:\django\LabaDjWeb\webapp\views.py changed, reloading.
2024-05-24 13:09:52,715 INFO view index
2024-05-24 13:12:35,494 INFO D:\django\LabaDjWeb\webapp\views.py changed, reloading.
2024-05-24 13:13:22,288 INFO D:\django\LabaDjWeb\webapp\views.py changed, reloading.
2024-05-24 13:13:53,333 INFO view index
2024-05-24 13:14:05,000 INFO sign in complited
2024-05-24 13:14:05,220 INFO sign in complited
2024-05-24 13:14:05,225 INFO view index
2024-05-24 13:14:09,404 INFO internet connection is here
2024-05-24 13:14:12,766 INFO view account
2024-05-24 13:14:24,447 INFO view index
2024-05-24 13:17:52,575 INFO D:\django\LabaDjWeb\LabaDjWeb\settings.py changed, reloading.
2024-05-24 13:18:01,359 INFO D:\django\LabaDjWeb\LabaDjWeb\settings.py changed, reloading.
2024-05-24 13:18:27,179 INFO D:\django\LabaDjWeb\LabaDjWeb\settings.py changed, reloading.
2024-05-24 13:18:35,538 INFO view index
2024-05-24 13:20:05,158 INFO view index
2024-05-24 13:20:13,320 INFO view department
2024-05-24 13:20:15,145 INFO view department
2024-05-24 13:20:15,180 INFO view department
2024-05-24 13:20:15,609 INFO view department
2024-05-24 13:20:15,658 INFO view department
2024-05-24 13:20:15,672 INFO view department
2024-05-24 13:20:15,689 INFO view department
2024-05-24 13:20:15,953 INFO view department
2024-05-24 13:20:16,005 INFO view department
2024-05-24 13:20:16,100 INFO view department
2024-05-24 13:20:16,119 INFO view department
2024-05-24 13:20:16,545 INFO view department
2024-05-24 13:20:16,558 INFO view department
2024-05-24 13:20:16,581 INFO view department
2024-05-24 13:20:16,896 INFO view department
2024-05-24 13:20:16,951 INFO view department
2024-05-24 13:20:17,064 INFO view department
2024-05-24 13:20:17,085 INFO view department
2024-05-24 13:20:17,101 INFO view department
2024-05-24 13:20:17,450 INFO view department
2024-05-24 13:20:17,465 INFO view department
2024-05-24 13:20:17,474 INFO view department
2024-05-24 13:20:17,497 INFO view department
2024-05-24 13:20:17,748 INFO view department
2024-05-24 13:20:17,763 INFO view department
2024-05-24 13:20:17,884 INFO view department
2024-05-24 13:20:17,934 INFO view department
2024-05-24 13:20:18,310 INFO view department
2024-05-24 13:20:18,366 INFO view department
2024-05-24 13:20:23,115 INFO view basket
2024-05-24 13:20:26,735 INFO view basket
2024-05-24 13:20:26,783 INFO view basket
2024-05-24 13:20:27,225 INFO view basket
2024-05-24 13:20:27,274 INFO view basket
2024-05-24 13:20:27,675 INFO view basket
2024-05-24 13:20:27,690 INFO view basket
2024-05-24 13:20:28,082 INFO view basket
2024-05-24 13:20:28,131 INFO view basket
2024-05-24 13:20:28,556 INFO view basket
2024-05-24 13:20:28,604 INFO view basket
2024-05-24 13:20:28,628 INFO view basket
2024-05-24 13:20:28,908 INFO view basket
2024-05-24 13:20:28,922 INFO view basket
2024-05-24 13:20:29,215 INFO view basket
2024-05-24 13:20:29,232 INFO view basket
2024-05-24 13:20:29,540 INFO view basket
2024-05-24 13:20:29,589 INFO view basket
2024-05-24 13:20:29,982 INFO view basket
2024-05-24 13:20:29,995 INFO view basket
2024-05-24 13:20:30,380 INFO view basket
2024-05-24 13:20:30,394 INFO view basket
2024-05-24 13:20:30,776 INFO view basket
2024-05-24 13:20:30,824 INFO view basket
2024-05-24 13:20:31,208 INFO view basket
2024-05-24 13:20:31,219 INFO view basket
2024-05-24 13:20:31,597 INFO view basket
2024-05-24 13:20:31,642 INFO view basket
2024-05-24 13:20:32,024 INFO view basket
2024-05-24 13:20:32,075 INFO view basket
2024-05-24 13:20:36,605 INFO log out complited
2024-05-24 13:20:36,611 INFO view index
2024-05-24 13:20:50,455 ERROR sign in error
2024-05-24 13:21:01,853 ERROR sign in error
2024-05-24 13:21:43,120 ERROR registration failed
2024-05-24 13:21:49,546 INFO view contacts
2024-05-24 13:22:01,783 INFO view faq
2024-05-24 13:22:35,142 INFO sign in complited
2024-05-24 13:22:35,151 INFO view index
2024-05-24 13:22:40,312 INFO view department
2024-05-24 13:22:42,501 INFO create graph in other stream
2024-05-24 13:22:42,687 INFO graph created
2024-05-24 13:22:42,714 INFO view graph
2024-05-24 13:22:57,696 INFO view index
2024-05-24 13:23:14,222 INFO view department
2024-05-24 13:23:19,866 INFO view department
2024-05-24 13:23:25,919 INFO view department
2024-05-24 13:23:42,185 INFO view index
2024-05-24 13:33:52,208 INFO view index
2024-05-24 13:33:59,963 INFO view department
2024-05-24 13:34:06,075 INFO view department
2024-05-24 13:34:09,858 INFO view department
2024-05-24 14:29:19,429 INFO view index
2024-05-24 15:01:50,951 INFO D:\django\LabaDjWeb\webapp\views.py changed, reloading.
2024-05-24 15:01:57,653 INFO view index
2024-05-24 15:02:04,240 ERROR sign in error
2024-05-24 15:02:05,771 INFO sign in complited
2024-05-24 15:02:05,782 INFO view index
2024-05-24 15:02:47,719 INFO view department
2024-05-24 15:02:48,686 INFO view department
2024-05-24 15:02:48,707 INFO view department
2024-05-24 15:02:49,197 INFO view department
2024-05-24 15:02:49,211 INFO view department
2024-05-24 15:02:49,800 INFO view department
2024-05-24 15:02:49,861 INFO view department
2024-05-24 15:02:51,329 INFO view department
2024-05-24 15:02:51,350 INFO view department
2024-05-24 15:02:54,164 INFO view basket
2024-05-24 15:02:57,330 INFO create order
2024-05-24 15:03:14,823 ERROR Internal Server Error: /basket/order/
Traceback (most recent call last):
  File "D:\django\LabaDjWeb\.venv\lib\site-packages\django\core\handlers\exception.py", line 55, in inner
    response = get_response(request)
  File "D:\django\LabaDjWeb\.venv\lib\site-packages\django\core\handlers\base.py", line 197, in _get_response
    response = wrapped_callback(request, *callback_args, **callback_kwargs)
  File "D:\django\LabaDjWeb\webapp\views.py", line 215, in order
    discount = float(request.POST.get("my_option"))
ValueError: could not convert string to float: '5,0'
2024-05-24 15:03:26,177 INFO D:\django\LabaDjWeb\webapp\views.py changed, reloading.
2024-05-24 15:03:28,371 INFO view index
2024-05-24 15:03:29,921 INFO view basket
2024-05-24 15:03:31,214 INFO view basket
2024-05-24 15:03:31,229 INFO view basket
2024-05-24 15:03:31,731 INFO view basket
2024-05-24 15:03:31,745 INFO view basket
2024-05-24 15:03:32,142 INFO view basket
2024-05-24 15:03:32,156 INFO view basket
2024-05-24 15:03:32,525 INFO view basket
2024-05-24 15:03:32,544 INFO view basket
2024-05-24 15:03:34,117 INFO view index
2024-05-24 15:04:42,943 INFO view index
2024-05-24 15:04:51,873 INFO log out complited
2024-05-24 15:04:51,880 INFO view index
2024-05-24 15:05:01,752 INFO sign in complited
2024-05-24 15:05:01,758 INFO view index
2024-05-24 15:06:13,356 INFO view index
2024-05-24 15:06:32,073 INFO log out complited
2024-05-24 15:06:32,079 INFO view index
2024-05-24 15:06:38,592 INFO sign in complited
2024-05-24 15:06:38,605 INFO view index
2024-05-24 15:07:16,224 INFO view index
2024-05-24 15:07:40,548 INFO view department
2024-05-24 15:07:44,191 INFO view department
2024-05-24 15:07:44,244 INFO view department
2024-05-24 15:07:51,133 INFO view department
2024-05-24 15:07:51,184 INFO view department
2024-05-24 15:07:54,939 INFO log out complited
2024-05-24 15:07:54,943 INFO view index
2024-05-24 15:08:08,873 INFO sign in complited
2024-05-24 15:08:08,880 INFO view index
2024-05-24 15:08:11,304 INFO view department
2024-05-24 15:08:15,744 INFO view department
2024-05-24 15:08:16,363 INFO view department
2024-05-24 15:08:18,347 INFO view department
2024-05-24 15:08:18,367 INFO view department
2024-05-24 15:08:20,032 INFO view department
2024-05-24 15:08:20,055 INFO view department
2024-05-24 15:08:21,698 INFO view department
2024-05-24 15:08:21,717 INFO view department
2024-05-24 15:08:23,247 INFO view basket
2024-05-24 15:08:27,511 INFO view basket
2024-05-24 15:08:27,528 INFO view basket
2024-05-24 15:08:28,871 INFO view basket
2024-05-24 15:08:29,522 INFO view basket
2024-05-24 15:08:33,320 INFO create order
2024-05-24 15:08:55,870 ERROR Internal Server Error: /basket/order/
Traceback (most recent call last):
  File "D:\django\LabaDjWeb\.venv\lib\site-packages\django\core\handlers\exception.py", line 55, in inner
    response = get_response(request)
  File "D:\django\LabaDjWeb\.venv\lib\site-packages\django\core\handlers\base.py", line 197, in _get_response
    response = wrapped_callback(request, *callback_args, **callback_kwargs)
  File "D:\django\LabaDjWeb\webapp\views.py", line 215, in order
    discount = float(request.POST.get("my_option"))
ValueError: could not convert string to float: '5,0'
2024-05-24 15:09:37,565 ERROR Internal Server Error: /basket/order/
Traceback (most recent call last):
  File "D:\django\LabaDjWeb\.venv\lib\site-packages\django\core\handlers\exception.py", line 55, in inner
    response = get_response(request)
  File "D:\django\LabaDjWeb\.venv\lib\site-packages\django\core\handlers\base.py", line 197, in _get_response
    response = wrapped_callback(request, *callback_args, **callback_kwargs)
  File "D:\django\LabaDjWeb\webapp\views.py", line 215, in order
    discount = float(request.POST.get("my_option"))
ValueError: could not convert string to float: '5,0'
2024-05-24 15:09:45,189 INFO log out complited
2024-05-24 15:09:45,196 INFO view index
2024-05-24 15:09:51,453 INFO sign in complited
2024-05-24 15:09:51,463 INFO view index
2024-05-24 15:10:55,528 INFO view index
2024-05-24 15:10:57,572 INFO log out complited
2024-05-24 15:10:57,577 INFO view index
2024-05-24 15:11:08,992 INFO sign in complited
2024-05-24 15:11:09,002 INFO view index
2024-05-24 15:11:10,728 INFO view basket
2024-05-24 15:11:12,659 INFO view basket
2024-05-24 15:11:12,682 INFO view basket
2024-05-24 15:11:14,100 INFO create order
2024-05-24 15:11:18,844 ERROR Internal Server Error: /basket/order/
Traceback (most recent call last):
  File "D:\django\LabaDjWeb\.venv\lib\site-packages\django\core\handlers\exception.py", line 55, in inner
    response = get_response(request)
  File "D:\django\LabaDjWeb\.venv\lib\site-packages\django\core\handlers\base.py", line 197, in _get_response
    response = wrapped_callback(request, *callback_args, **callback_kwargs)
  File "D:\django\LabaDjWeb\webapp\views.py", line 215, in order
    discount = float(request.POST.get("my_option"))
ValueError: could not convert string to float: '10,0'
2024-05-24 15:14:54,303 INFO D:\django\LabaDjWeb\webapp\views.py changed, reloading.
2024-05-24 15:15:04,017 INFO view index
2024-05-24 15:15:08,165 INFO view basket
2024-05-24 15:15:11,686 INFO create order
2024-05-24 15:15:15,444 ERROR Internal Server Error: /basket/order/
Traceback (most recent call last):
  File "D:\django\LabaDjWeb\.venv\lib\site-packages\django\core\handlers\exception.py", line 55, in inner
    response = get_response(request)
  File "D:\django\LabaDjWeb\.venv\lib\site-packages\django\core\handlers\base.py", line 197, in _get_response
    response = wrapped_callback(request, *callback_args, **callback_kwargs)
  File "D:\django\LabaDjWeb\webapp\views.py", line 215, in order
    discount = float(request.POST.get("my_option"))
ValueError: could not convert string to float: '10,0'
2024-05-24 15:15:38,413 INFO view basket
2024-05-24 15:15:39,733 INFO create order
2024-05-24 15:15:43,650 INFO view index
2024-05-24 15:15:46,397 INFO view department
2024-05-24 15:15:47,540 INFO view department
2024-05-24 15:15:47,564 INFO view department
2024-05-24 15:15:48,415 INFO view basket
2024-05-24 15:15:49,319 INFO create order
2024-05-24 15:15:54,925 ERROR Internal Server Error: /basket/order/
Traceback (most recent call last):
  File "D:\django\LabaDjWeb\.venv\lib\site-packages\django\core\handlers\exception.py", line 55, in inner
    response = get_response(request)
  File "D:\django\LabaDjWeb\.venv\lib\site-packages\django\core\handlers\base.py", line 197, in _get_response
    response = wrapped_callback(request, *callback_args, **callback_kwargs)
  File "D:\django\LabaDjWeb\webapp\views.py", line 215, in order
    discount = float(request.POST.get("my_option"))
ValueError: could not convert string to float: '10,0'
2024-05-24 15:17:31,210 INFO D:\django\LabaDjWeb\webapp\views.py changed, reloading.
2024-05-24 15:17:36,913 INFO view index
2024-05-24 15:17:37,982 INFO view basket
2024-05-24 15:17:38,867 INFO create order
2024-05-24 15:17:41,507 ERROR Internal Server Error: /basket/order/
Traceback (most recent call last):
  File "D:\django\LabaDjWeb\.venv\lib\site-packages\django\core\handlers\exception.py", line 55, in inner
    response = get_response(request)
  File "D:\django\LabaDjWeb\.venv\lib\site-packages\django\core\handlers\base.py", line 197, in _get_response
    response = wrapped_callback(request, *callback_args, **callback_kwargs)
  File "D:\django\LabaDjWeb\webapp\views.py", line 216, in order
    discount = float(request.POST.get("my_option"))
ValueError: could not convert string to float: '10,0'
2024-05-24 15:19:02,128 INFO D:\django\LabaDjWeb\webapp\views.py changed, reloading.
2024-05-24 15:19:07,831 INFO view index
2024-05-24 15:19:08,765 INFO view basket
2024-05-24 15:19:10,359 INFO create order
2024-05-24 15:19:13,329 INFO view index
2024-05-24 21:34:13,246 INFO D:\django\LabaDjWeb\webapp\views.py changed, reloading.
2024-05-24 21:34:15,725 INFO view index
2024-05-24 21:34:22,892 INFO sign in complited
2024-05-24 21:34:22,899 INFO view index
2024-05-24 21:34:26,415 INFO view basket
2024-05-24 21:34:28,351 INFO create order
2024-05-24 21:34:36,581 ERROR Internal Server Error: /basket/order/
Traceback (most recent call last):
  File "D:\django\LabaDjWeb\.venv\lib\site-packages\django\core\handlers\exception.py", line 55, in inner
    response = get_response(request)
  File "D:\django\LabaDjWeb\.venv\lib\site-packages\django\core\handlers\base.py", line 197, in _get_response
    response = wrapped_callback(request, *callback_args, **callback_kwargs)
  File "D:\django\LabaDjWeb\webapp\views.py", line 218, in order
    myuser.my_promocodes.delete(myuser.my_promocodes.get(discount = discount))
AttributeError: 'ManyRelatedManager' object has no attribute 'delete'
2024-05-24 21:36:39,649 INFO D:\django\LabaDjWeb\webapp\views.py changed, reloading.
2024-05-24 21:36:43,792 INFO view basket
2024-05-24 21:36:44,866 INFO create order
2024-05-24 21:36:49,105 INFO view index
2024-05-24 21:36:50,621 INFO view basket
2024-05-24 21:36:52,138 INFO view index
2024-05-24 21:36:57,240 INFO view department
2024-05-24 21:36:58,879 INFO view department
2024-05-24 21:36:58,941 INFO view department
2024-05-24 21:37:00,177 INFO view basket
2024-05-24 21:37:01,047 INFO create order
2024-05-24 21:37:07,107 INFO view index
2024-05-24 21:37:34,458 INFO view index
2024-05-24 21:37:35,676 INFO view index
2024-05-24 21:43:43,848 INFO D:\django\LabaDjWeb\webapp\models.py changed, reloading.
2024-05-24 21:44:04,292 INFO D:\django\LabaDjWeb\webapp\views.py changed, reloading.
2024-05-24 22:00:06,932 INFO view index
2024-05-24 22:00:33,333 INFO view index
2024-05-24 22:00:57,386 INFO view index
2024-05-24 22:04:32,024 INFO view index
2024-05-24 22:04:41,083 INFO view index
2024-05-24 22:04:41,996 INFO view index
2024-05-24 22:05:39,540 INFO view index
2024-05-24 22:06:04,188 INFO view index
2024-05-24 22:06:37,017 INFO view index
2024-05-24 22:07:55,776 INFO view index
2024-05-24 22:09:24,477 INFO view index
2024-05-24 22:09:39,510 INFO view index
2024-05-24 22:09:48,054 INFO view index
2024-05-24 22:10:00,712 INFO view index
2024-05-24 22:10:01,810 INFO view index
2024-05-24 22:10:13,250 INFO view index
2024-05-24 22:10:23,427 INFO view index
2024-05-24 22:13:20,325 INFO view index
2024-05-24 22:13:21,283 INFO view index
2024-05-24 22:13:41,623 INFO view index
2024-05-24 22:13:42,115 INFO view index
2024-05-24 22:13:42,558 INFO view index
2024-05-24 22:15:26,133 INFO view index
2024-05-24 22:15:26,708 INFO view index
2024-05-24 22:15:27,101 INFO view index
2024-05-24 22:15:52,132 INFO view index
2024-05-24 22:15:52,761 INFO view index
2024-05-24 22:16:09,345 INFO view index
2024-05-24 22:16:10,363 INFO view index
2024-05-24 22:16:32,652 INFO view index
2024-05-24 22:16:59,626 INFO view index
2024-05-24 22:17:11,923 INFO view index
2024-05-24 22:17:18,753 INFO view index
2024-05-24 22:18:14,698 INFO view index
2024-05-24 22:18:15,598 INFO view index
2024-05-24 22:18:38,626 INFO view index
2024-05-24 22:19:31,773 INFO view index
2024-05-24 22:19:47,946 INFO view index
2024-05-24 22:19:49,416 INFO view index
2024-05-24 22:32:41,434 INFO D:\django\LabaDjWeb\webapp\views.py changed, reloading.
2024-05-24 22:36:30,485 INFO D:\django\LabaDjWeb\LabaDjWeb\urls.py changed, reloading.
2024-05-24 22:36:37,163 INFO D:\django\LabaDjWeb\LabaDjWeb\urls.py changed, reloading.
2024-05-24 22:36:44,614 INFO view index
2024-05-24 22:36:47,660 INFO view news
2024-05-24 22:37:27,056 INFO view news
2024-05-24 22:37:36,987 INFO view news
2024-05-24 22:37:38,311 INFO view news
2024-05-24 22:37:45,738 INFO view news
2024-05-24 22:38:15,757 INFO view news
2024-05-24 22:38:16,598 INFO view news
2024-05-24 22:38:17,477 INFO view news
2024-05-24 22:38:18,872 INFO view news
2024-05-24 22:38:28,854 INFO view news
2024-05-24 22:38:49,286 INFO view news
2024-05-24 22:38:50,108 INFO view news
2024-05-24 22:39:11,283 INFO view news
2024-05-24 22:39:12,129 INFO view news
2024-05-24 22:39:25,551 INFO view news
2024-05-24 22:39:45,495 INFO view news
2024-05-24 22:39:46,292 INFO view news
2024-05-24 22:39:51,617 INFO view index
2024-05-24 22:40:21,851 INFO view index
2024-05-24 22:40:23,913 INFO view index
2024-05-24 22:40:26,608 INFO view news
2024-05-24 22:40:44,407 INFO view news
2024-05-24 22:40:46,556 INFO view index
2024-05-24 22:40:58,715 INFO view department
2024-05-24 22:41:20,570 INFO sign in complited
2024-05-24 22:41:20,583 INFO view index
2024-05-24 22:41:23,634 INFO create graph in other stream
2024-05-24 22:41:23,801 INFO graph created
2024-05-24 22:41:23,845 INFO view graph
2024-05-24 22:41:44,977 INFO view suppliers info
2024-05-24 22:41:46,968 INFO view contacts
2024-05-24 22:41:52,386 INFO internet connection is here
2024-05-24 22:41:54,956 INFO view account
2024-05-24 22:41:57,703 INFO view orders
2024-05-24 22:42:42,638 INFO view orders
2024-05-24 22:42:58,886 INFO view orders
2024-05-24 22:43:21,086 INFO view orders
2024-05-24 22:44:09,158 INFO view orders
2024-05-24 22:45:00,586 INFO D:\django\LabaDjWeb\webapp\views.py changed, reloading.
2024-05-24 22:45:02,878 INFO view orders
2024-05-24 22:45:14,915 INFO view index
2024-05-24 22:45:25,203 INFO view department
2024-05-24 22:45:27,621 INFO view basket
2024-05-24 22:45:29,889 INFO view basket
2024-05-24 22:45:29,918 INFO view basket
2024-05-24 22:45:31,163 INFO view index
2024-05-24 22:45:33,124 INFO view department
2024-05-24 22:45:34,038 INFO view department
2024-05-24 22:45:34,064 INFO view department
2024-05-24 22:45:34,913 INFO view index
2024-05-24 22:45:36,073 INFO view department
2024-05-24 22:45:37,132 INFO view department
2024-05-24 22:45:37,153 INFO view department
2024-05-24 22:45:38,176 INFO view basket
2024-05-24 22:47:12,147 INFO D:\django\LabaDjWeb\webapp\templatetags\mulltag.py changed, reloading.
2024-05-24 22:47:14,507 INFO view index
2024-05-24 22:47:15,757 INFO view basket
2024-05-24 22:47:31,533 INFO D:\django\LabaDjWeb\webapp\templatetags\mulltag.py changed, reloading.
2024-05-24 22:47:33,876 INFO view basket
2024-05-24 22:47:39,267 INFO D:\django\LabaDjWeb\webapp\templatetags\mulltag.py changed, reloading.
2024-05-24 22:47:41,475 INFO view basket
2024-05-24 22:48:48,780 INFO D:\django\LabaDjWeb\webapp\views.py changed, reloading.
2024-05-24 22:48:51,083 INFO view basket
2024-05-24 22:49:04,160 INFO internet connection is here
2024-05-24 22:49:06,190 INFO view account
2024-05-24 22:49:41,940 INFO D:\django\LabaDjWeb\webapp\views.py changed, reloading.
2024-05-24 22:49:44,627 INFO internet connection is here
2024-05-24 22:49:46,639 INFO view account
2024-05-24 22:50:11,421 INFO view index
2024-05-24 22:50:41,138 INFO log out complited
2024-05-24 22:50:41,151 INFO view index
2024-05-24 22:51:53,206 INFO registration complited
2024-05-24 22:52:00,210 INFO sign in complited
2024-05-24 22:52:00,220 INFO view index
2024-05-24 22:52:03,514 INFO internet connection is here
2024-05-24 22:52:05,551 INFO view account
2024-05-24 22:52:08,852 INFO view index
2024-05-24 22:52:10,829 INFO view department
2024-05-24 22:52:12,371 INFO view department
2024-05-24 22:52:12,392 INFO view department
2024-05-24 22:52:13,523 INFO view index
2024-05-24 22:52:15,291 INFO view department
2024-05-24 22:52:16,432 INFO view department
2024-05-24 22:52:16,452 INFO view department
2024-05-24 22:53:12,034 INFO view basket
2024-05-24 22:53:16,812 INFO view basket
2024-05-24 22:53:17,435 INFO view basket
2024-05-24 22:53:18,329 INFO view basket
2024-05-24 22:53:18,913 INFO create order
2024-05-24 22:53:38,410 INFO create order
2024-05-24 22:53:59,526 INFO view index
2024-05-24 22:54:07,702 INFO internet connection is here
2024-05-24 22:54:09,782 INFO view account
2024-05-24 22:54:11,177 INFO view orders
2024-05-24 22:54:32,104 INFO view faq
2024-05-24 22:55:30,266 INFO view faq
2024-05-24 22:55:32,918 INFO view faq
2024-05-24 22:55:50,074 INFO view faq
2024-05-24 22:55:52,975 INFO view faq
2024-05-24 22:56:08,771 INFO view contacts
2024-05-24 22:56:14,733 INFO view index
2024-05-24 22:56:16,508 INFO view faq
2024-05-24 22:56:17,739 INFO view basket
2024-05-24 22:56:19,387 INFO internet connection is here
2024-05-24 22:56:21,481 INFO view account
2024-05-24 22:56:27,013 INFO log out complited
2024-05-24 22:56:27,020 INFO view index
2024-05-24 22:56:35,164 ERROR sign in error
2024-05-24 22:56:38,830 ERROR sign in error
2024-05-24 22:56:41,762 INFO sign in complited
2024-05-24 22:56:41,773 INFO view index
2024-05-24 22:56:51,204 INFO create graph in other stream
2024-05-24 22:56:51,345 INFO graph created
2024-05-24 22:56:51,389 INFO view graph
2024-05-24 22:57:04,432 INFO view suppliers info
2024-05-24 23:00:31,659 INFO view suppliers info
2024-05-24 23:00:59,570 INFO D:\django\LabaDjWeb\webapp\models.py changed, reloading.
2024-05-24 23:01:14,354 INFO view suppliers info
2024-05-24 23:01:17,778 INFO view suppliers info
2024-05-24 23:01:19,343 INFO create graph in other stream
2024-05-24 23:01:19,487 INFO graph created
2024-05-24 23:01:19,496 INFO view graph
2024-05-24 23:01:20,753 INFO view contacts
2024-05-24 23:01:26,961 INFO view contacts
2024-05-24 23:01:32,554 INFO log out complited
2024-05-24 23:01:32,569 INFO view index
2024-05-24 23:01:44,088 INFO sign in complited
2024-05-24 23:01:44,094 INFO view index
2024-05-24 23:01:48,856 INFO internet connection is here
2024-05-24 23:01:50,837 INFO view account
2024-05-24 23:01:52,955 INFO view orders
2024-05-24 23:02:38,140 INFO creating review
2024-05-24 23:03:02,759 INFO view faq
2024-05-24 23:03:04,390 INFO view index
2024-05-24 23:03:08,659 INFO view contacts
2024-05-24 23:03:13,626 INFO view index
2024-05-24 23:03:16,173 INFO view department
2024-05-24 23:03:17,532 INFO view department
2024-05-24 23:03:17,559 INFO view department
2024-05-24 23:03:18,865 INFO view basket
2024-05-24 23:03:20,222 INFO create order
2024-05-24 23:03:24,998 INFO view index
2024-05-24 23:03:26,799 INFO internet connection is here
2024-05-24 23:03:28,682 INFO view account
2024-05-24 23:03:29,927 INFO view orders
2024-05-24 23:03:41,409 INFO view index
2024-05-24 23:03:44,554 INFO view faq
2024-05-24 23:03:45,813 INFO view contacts
2024-05-24 23:03:52,105 INFO view news
2024-05-24 23:03:53,841 INFO view index
2024-05-24 23:04:23,600 INFO view index
2024-05-24 23:04:26,900 INFO view department
2024-05-24 23:04:31,270 INFO view department
2024-05-24 23:04:31,921 INFO view department
2024-05-24 23:04:32,563 INFO view department
2024-05-24 23:04:35,547 INFO view basket
2024-05-24 23:04:38,408 INFO internet connection is here
2024-05-24 23:04:40,143 INFO view account
2024-05-24 23:04:44,817 INFO log out complited
2024-05-24 23:04:44,822 INFO view index
2024-05-24 23:04:46,161 INFO view index
2024-05-24 23:04:46,728 INFO view faq
2024-05-24 23:04:47,212 INFO view index
2024-05-24 23:04:48,191 INFO view department
2024-05-24 23:04:51,939 INFO view contacts
2024-05-25 01:43:05,428 INFO view index
2024-05-25 01:43:19,808 INFO sign in complited
2024-05-25 01:43:19,820 INFO view index
2024-05-25 01:44:22,204 INFO view index
2024-05-25 01:44:25,362 INFO view news
2024-05-25 01:44:28,704 INFO view index
2024-05-25 01:45:54,269 INFO view index
2024-05-25 01:45:58,150 INFO view news
2024-05-25 01:46:12,503 INFO internet connection is here
2024-05-25 01:46:14,639 INFO view account
2024-05-25 01:46:21,712 INFO change account information
2024-05-25 01:46:21,942 INFO internet connection is here
2024-05-25 01:46:23,900 INFO view account
2024-05-25 01:46:28,098 INFO view orders
2024-05-25 01:46:40,321 INFO view index
2024-05-25 01:46:42,841 INFO view news
2024-05-25 01:46:52,645 INFO view news
2024-05-25 01:47:04,988 INFO view news
2024-05-25 01:47:11,479 INFO view index
2024-05-25 01:47:12,251 INFO view faq
2024-05-25 01:47:14,691 INFO view contacts
2024-05-25 01:47:16,710 INFO view suppliers info
2024-05-25 02:08:07,930 INFO view index
2024-05-25 02:08:10,238 INFO log out complited
2024-05-25 02:08:10,246 INFO view index
2024-05-25 02:08:37,033 ERROR registration failed
2024-05-25 02:09:04,897 ERROR registration failed
2024-05-25 02:09:12,699 INFO registration complited
2024-05-25 02:09:21,288 ERROR sign in error
2024-05-25 02:09:25,707 INFO sign in complited
2024-05-25 02:09:25,712 INFO view index
2024-05-25 02:09:43,299 INFO creating review
2024-05-25 02:09:50,538 INFO view index
2024-05-25 02:09:53,337 INFO view news
2024-05-25 02:09:57,532 INFO view department
2024-05-25 02:10:08,814 INFO view department
2024-05-25 02:10:08,826 INFO view department
2024-05-25 02:10:09,508 INFO view department
2024-05-25 02:10:09,518 INFO view department
2024-05-25 02:10:11,000 INFO view department
2024-05-25 02:10:11,012 INFO view department
2024-05-25 02:10:11,905 INFO view department
2024-05-25 02:10:12,895 INFO view department
2024-05-25 02:10:12,907 INFO view department
2024-05-25 02:10:13,467 INFO view department
2024-05-25 02:10:13,477 INFO view department
2024-05-25 02:10:15,052 INFO view basket
2024-05-25 02:10:25,587 INFO view basket
2024-05-25 02:10:26,775 INFO view basket
2024-05-25 02:10:30,191 WARNING Not Found: /פגרע
2024-05-25 02:10:32,415 INFO view index
2024-05-25 02:10:52,373 INFO create order
2024-05-25 02:11:01,986 INFO view index
2024-05-25 02:11:08,482 INFO internet connection is here
2024-05-25 02:11:10,040 INFO view account
2024-05-25 02:11:12,817 INFO view orders
2024-05-25 02:11:19,950 INFO internet connection is here
2024-05-25 02:11:21,489 INFO view account
2024-05-25 02:11:31,206 INFO change account information
2024-05-25 02:11:31,372 INFO internet connection is here
2024-05-25 02:11:32,910 INFO view account
2024-05-25 02:11:57,278 ERROR change account information error
2024-05-25 02:12:15,857 ERROR change account information error
2024-05-25 02:12:20,679 INFO change account information
2024-05-25 02:12:20,923 INFO internet connection is here
2024-05-25 02:12:22,514 INFO view account
2024-05-25 02:12:28,967 INFO log out complited
2024-05-25 02:12:28,973 INFO view index
2024-05-25 02:18:48,323 INFO view index
2024-05-25 02:19:03,694 ERROR sign in error
2024-05-25 02:19:06,320 INFO sign in complited
2024-05-25 02:19:06,324 INFO view index
2024-05-25 02:19:09,854 INFO internet connection is here
2024-05-25 02:19:12,006 INFO view account
2024-05-25 02:19:18,504 INFO view orders
2024-05-25 02:19:21,262 INFO view index
2024-05-25 02:19:23,224 INFO view department
2024-05-25 02:19:25,957 INFO view department
2024-05-25 02:19:25,969 INFO view department
2024-05-25 02:19:27,220 INFO view basket
2024-05-25 02:19:28,231 INFO create order
2024-05-25 02:19:30,899 INFO view index
2024-05-25 02:19:32,543 INFO internet connection is here
2024-05-25 02:19:34,223 INFO view account
2024-05-25 02:19:35,175 INFO view orders
2024-05-25 02:19:55,283 INFO view index
2024-05-25 02:19:58,596 INFO log out complited
2024-05-25 02:19:58,603 INFO view index
2024-05-25 02:20:06,661 INFO sign in complited
2024-05-25 02:20:06,666 INFO view index
2024-05-25 02:20:09,060 INFO create graph in other stream
2024-05-25 02:20:09,150 INFO graph created
2024-05-25 02:20:09,156 INFO view graph
2024-05-25 09:03:41,366 INFO view index
2024-05-25 09:03:46,804 INFO view news
2024-05-25 09:07:33,046 INFO sign in complited
2024-05-25 09:07:33,051 INFO view index
2024-05-25 09:07:37,226 INFO internet connection is here
2024-05-25 09:07:40,686 INFO view account
2024-05-25 09:07:44,149 INFO view index
2024-05-25 09:07:50,768 INFO view index
2024-05-25 09:07:51,692 INFO view index
2024-05-25 09:08:06,549 INFO log out complited
2024-05-25 09:08:06,562 INFO view index
2024-05-25 09:08:14,192 ERROR sign in error
2024-05-25 09:08:17,129 ERROR sign in error
2024-05-25 09:08:22,839 INFO sign in complited
2024-05-25 09:08:22,847 INFO view index
2024-05-25 09:14:40,658 INFO log out complited
2024-05-25 09:14:40,672 INFO view index
2024-05-25 09:15:21,967 INFO view contacts
2024-05-25 09:15:26,007 INFO view faq
2024-05-25 09:15:27,492 INFO view index
2024-05-25 09:15:31,836 INFO view news
2024-05-25 09:15:34,736 INFO view index
2024-05-25 09:15:49,865 ERROR sign in error
2024-05-25 09:16:08,186 INFO sign in complited
2024-05-25 09:16:08,193 INFO view index
2024-05-25 09:16:16,995 INFO view basket
2024-05-25 09:16:21,912 INFO view index
2024-05-25 09:16:24,673 INFO view department
2024-05-25 09:16:27,077 INFO view department
2024-05-25 09:16:27,100 INFO view department
2024-05-25 09:16:32,090 INFO view index
2024-05-25 09:16:33,843 INFO view department
2024-05-25 09:16:35,264 INFO view department
2024-05-25 09:16:35,288 INFO view department
2024-05-25 09:16:36,514 INFO view basket
2024-05-25 09:16:41,472 INFO view basket
2024-05-25 09:16:46,785 INFO create order
2024-05-25 09:16:58,369 INFO view index
2024-05-25 09:17:20,548 INFO create order
2024-05-25 09:17:34,053 INFO view index
2024-05-25 09:17:42,261 INFO internet connection is here
2024-05-25 09:17:44,685 INFO view account
2024-05-25 09:17:46,688 INFO view orders
2024-05-25 09:18:24,193 INFO creating review
2024-05-25 09:18:36,906 INFO log out complited
2024-05-25 09:18:36,920 INFO view index
2024-05-25 09:18:43,770 INFO sign in complited
2024-05-25 09:18:43,780 INFO view index
2024-05-25 09:18:57,775 INFO view department
2024-05-25 09:19:05,897 INFO view suppliers info
2024-05-25 09:19:45,577 INFO create graph in other stream
2024-05-25 09:19:45,826 INFO graph created
2024-05-25 09:19:45,839 INFO view graph
2024-05-25 09:20:40,688 INFO view faq
2024-05-25 09:20:51,874 INFO internet connection is here
2024-05-25 09:20:54,678 INFO view account
